2025-04-18 17:24:59 - Starting maintenance tasks...
2025-04-18 17:24:59 - Checking Docker service status...
2025-04-18 17:24:59 - Docker service is running.
2025-04-18 17:24:59 - Checking container status...
2025-04-18 17:24:59 - Container prometheus is running.
2025-04-18 17:24:59 - Container grafana is running.
2025-04-18 17:24:59 - Container node-exporter is running.
2025-04-18 17:24:59 - Container alertmanager is running.
2025-04-18 17:24:59 - Container nginx is running.
2025-04-18 17:24:59 - Rotating logs...
2025-04-18 17:24:59 - Log file size is under threshold, no rotation needed.
2025-04-18 17:24:59 - Starting backup process...
2025-04-18 17:24:59 - Backup completed: /home/codespace/workspace/backups/it-dashboard-backup-20250418.tar.gz
2025-04-18 17:24:59 - Maintenance tasks completed.
2025-04-18 17:25:02 - Starting maintenance tasks...
2025-04-18 17:25:02 - Checking Docker service status...
2025-04-18 17:25:02 - Docker service is running.
2025-04-18 17:25:02 - Checking container status...
2025-04-18 17:25:02 - Container prometheus is running.
2025-04-18 17:25:02 - Container grafana is running.
2025-04-18 17:25:02 - Container node-exporter is running.
2025-04-18 17:25:02 - Container alertmanager is running.
2025-04-18 17:25:02 - Container nginx is running.
2025-04-18 17:25:02 - Rotating logs...
2025-04-18 17:25:02 - Log file size is under threshold, no rotation needed.
2025-04-18 17:25:02 - Starting backup process...
2025-04-18 17:25:02 - Backup completed: /home/codespace/workspace/backups/it-dashboard-backup-20250418.tar.gz
2025-04-18 17:25:02 - Maintenance tasks completed.
2025-04-18 17:25:16 - Starting maintenance tasks...
2025-04-18 17:25:16 - Checking Docker service status...
2025-04-18 17:25:16 - Docker service is running.
2025-04-18 17:25:16 - Checking container status...
2025-04-18 17:25:16 - Container prometheus is down. Attempting to restart...
2025-04-18 17:25:22 - Container prometheus restarted successfully.
2025-04-18 17:25:22 - Container grafana is running.
2025-04-18 17:25:22 - Container node-exporter is running.
2025-04-18 17:25:22 - Container alertmanager is running.
2025-04-18 17:25:22 - Container nginx is running.
2025-04-18 17:25:22 - Rotating logs...
2025-04-18 17:25:22 - Log file size is under threshold, no rotation needed.
2025-04-18 17:25:22 - Starting backup process...
2025-04-18 17:25:22 - Backup completed: /home/codespace/workspace/backups/it-dashboard-backup-20250418.tar.gz
2025-04-18 17:25:22 - Maintenance tasks completed.
